<?xml version="1.0" encoding="UTF-8"?>
<testng-results ignored="0" total="1" passed="1" failed="0" skipped="0">
  <reporter-output>
  </reporter-output>
  <suite started-at="2023-01-27T14:18:03 GMT" name="Default suite" finished-at="2023-01-27T14:18:16 GMT" duration-ms="12994">
    <groups>
    </groups>
    <test started-at="2023-01-27T14:18:03 GMT" name="Default test" finished-at="2023-01-27T14:18:16 GMT" duration-ms="12994">
      <class name="tests.LoginTest">
        <test-method is-config="true" signature="setup()[pri:0, instance:tests.LoginTest@2a4fb17b]" started-at="2023-01-27T14:18:03 GMT" name="setup" finished-at="2023-01-27T14:18:13 GMT" duration-ms="9380" status="PASS">
          <reporter-output>
          </reporter-output>
        </test-method> <!-- setup -->
        <test-method signature="loginTest()[pri:0, instance:tests.LoginTest@2a4fb17b]" started-at="2023-01-27T14:18:13 GMT" name="loginTest" finished-at="2023-01-27T14:18:14 GMT" duration-ms="1535" status="PASS">
          <reporter-output>
          </reporter-output>
        </test-method> <!-- loginTest -->
        <test-method is-config="true" signature="tearDown()[pri:0, instance:tests.LoginTest@2a4fb17b]" started-at="2023-01-27T14:18:14 GMT" name="tearDown" finished-at="2023-01-27T14:18:16 GMT" duration-ms="1964" status="PASS">
          <reporter-output>
          </reporter-output>
        </test-method> <!-- tearDown -->
      </class> <!-- tests.LoginTest -->
    </test> <!-- Default test -->
  </suite> <!-- Default suite -->
</testng-results>
